<?xml version="1.0" encoding="UTF-8" ?>
<testsuite failures="0" time="13.891" errors="0" skipped="0" tests="4" name="foo.test.MemberDaoTest">
  <properties>
[...]
</properties>
  <testcase time="12" classname="foo.test.MemberDaoTest" name="testFindById"/>
  <testcase time="1.766" classname="foo.test.MemberDaoTest" name="testFindByEmail"/>
  <testcase time="0.109" classname="foo.test.MemberDaoTest" name="testRegister"/>
  <testcase time="0.016" classname="foo.test.MemberDaoTest" name="testFindAllOrderedByName"/>
</testsuite>